08-May-2020 10:30:39.603 INFO [main] org.apache.catalina.startup.VersionLoggerListener.log 
 Server Version:        Apache Tomcat/9.0.34
08-May-2020 10:30:39.608 INFO [main] org.apache.catalina.startup.VersionLoggerListener.log Server built:          Apr 3 2020 12:02:52 UTC
08-May-2020 10:30:39.608 INFO [main] org.apache.catalina.startup.VersionLoggerListener.log Server version number: 9.0.34.0
08-May-2020 10:30:39.608 INFO [main] org.apache.catalina.startup.VersionLoggerListener.log OS Name:               Mac OS X
08-May-2020 10:30:39.609 INFO [main] org.apache.catalina.startup.VersionLoggerListener.log OS Version:            10.15.4
08-May-2020 10:30:39.609 INFO [main] org.apache.catalina.startup.VersionLoggerListener.log Architektur:          x86_64
08-May-2020 10:30:39.609 INFO [main] org.apache.catalina.startup.VersionLoggerListener.log Java Home:             /Library/Java/JavaVirtualMachines/jdk-12.jdk/Contents/Home
08-May-2020 10:30:39.609 INFO [main] org.apache.catalina.startup.VersionLoggerListener.log JVM Version:           12+33
08-May-2020 10:30:39.609 INFO [main] org.apache.catalina.startup.VersionLoggerListener.log JVM Hersteller:            Oracle Corporation
08-May-2020 10:30:39.610 INFO [main] org.apache.catalina.startup.VersionLoggerListener.log 
 CATALINA_BASE:         /Users/ajanes/Documents/git/AEBI/apache-tomcat-9.0.34
08-May-2020 10:30:39.610 INFO [main] org.apache.catalina.startup.VersionLoggerListener.log CATALINA_HOME:         /Users/ajanes/Documents/git/AEBI/apache-tomcat-9.0.34
08-May-2020 10:30:39.624 INFO [main] org.apache.catalina.startup.VersionLoggerListener.log Command line argument: --add-opens=java.base/java.lang=ALL-UNNAMED
08-May-2020 10:30:39.624 INFO [main] org.apache.catalina.startup.VersionLoggerListener.log Command line argument: --add-opens=java.base/java.io=ALL-UNNAMED
08-May-2020 10:30:39.624 INFO [main] org.apache.catalina.startup.VersionLoggerListener.log Command line argument: --add-opens=java.rmi/sun.rmi.transport=ALL-UNNAMED
08-May-2020 10:30:39.624 INFO [main] org.apache.catalina.startup.VersionLoggerListener.log Command line argument: -Djava.util.logging.config.file=/Users/ajanes/Documents/git/AEBI/apache-tomcat-9.0.34/conf/logging.properties
08-May-2020 10:30:39.625 INFO [main] org.apache.catalina.startup.VersionLoggerListener.log Command line argument: -Djava.util.logging.manager=org.apache.juli.ClassLoaderLogManager
08-May-2020 10:30:39.625 INFO [main] org.apache.catalina.startup.VersionLoggerListener.log Command line argument: -Djdk.tls.ephemeralDHKeySize=2048
08-May-2020 10:30:39.625 INFO [main] org.apache.catalina.startup.VersionLoggerListener.log Command line argument: -Djava.protocol.handler.pkgs=org.apache.catalina.webresources
08-May-2020 10:30:39.625 INFO [main] org.apache.catalina.startup.VersionLoggerListener.log Command line argument: -Dorg.apache.catalina.security.SecurityListener.UMASK=0027
08-May-2020 10:30:39.625 INFO [main] org.apache.catalina.startup.VersionLoggerListener.log Command line argument: -Dignore.endorsed.dirs=
08-May-2020 10:30:39.625 INFO [main] org.apache.catalina.startup.VersionLoggerListener.log Command line argument: -Dcatalina.base=/Users/ajanes/Documents/git/AEBI/apache-tomcat-9.0.34
08-May-2020 10:30:39.625 INFO [main] org.apache.catalina.startup.VersionLoggerListener.log Command line argument: -Dcatalina.home=/Users/ajanes/Documents/git/AEBI/apache-tomcat-9.0.34
08-May-2020 10:30:39.626 INFO [main] org.apache.catalina.startup.VersionLoggerListener.log Command line argument: -Djava.io.tmpdir=/Users/ajanes/Documents/git/AEBI/apache-tomcat-9.0.34/temp
08-May-2020 10:30:39.626 INFO [main] org.apache.catalina.core.AprLifecycleListener.lifecycleEvent The APR based Apache Tomcat Native library which allows optimal performance in production environments was not found on the java.library.path: [/Users/ajanes/Library/Java/Extensions:/Library/Java/Extensions:/Network/Library/Java/Extensions:/System/Library/Java/Extensions:/usr/lib/java:.]
08-May-2020 10:30:39.891 INFO [main] org.apache.coyote.AbstractProtocol.init Initialisiere ProtocolHandler["http-nio-8080"]
08-May-2020 10:30:39.926 INFO [main] org.apache.catalina.startup.Catalina.load Server initialization in [538] milliseconds
08-May-2020 10:30:39.974 INFO [main] org.apache.catalina.core.StandardService.startInternal Starting service [Catalina]
08-May-2020 10:30:39.974 INFO [main] org.apache.catalina.core.StandardEngine.startInternal Starting Servlet engine: [Apache Tomcat/9.0.34]
08-May-2020 10:30:39.983 INFO [main] org.apache.catalina.startup.HostConfig.deployDirectory Deploye Web-Applikations-Verzeichnis [/Users/ajanes/Documents/git/AEBI/apache-tomcat-9.0.34/webapps/docs]
08-May-2020 10:30:40.237 INFO [main] org.apache.catalina.startup.HostConfig.deployDirectory Deployment of web application directory [/Users/ajanes/Documents/git/AEBI/apache-tomcat-9.0.34/webapps/docs] has finished in [255] ms
08-May-2020 10:30:40.237 INFO [main] org.apache.catalina.startup.HostConfig.deployDirectory Deploye Web-Applikations-Verzeichnis [/Users/ajanes/Documents/git/AEBI/apache-tomcat-9.0.34/webapps/manager]
08-May-2020 10:30:40.272 INFO [main] org.apache.catalina.startup.HostConfig.deployDirectory Deployment of web application directory [/Users/ajanes/Documents/git/AEBI/apache-tomcat-9.0.34/webapps/manager] has finished in [34] ms
08-May-2020 10:30:40.272 INFO [main] org.apache.catalina.startup.HostConfig.deployDirectory Deploye Web-Applikations-Verzeichnis [/Users/ajanes/Documents/git/AEBI/apache-tomcat-9.0.34/webapps/examples]
08-May-2020 10:30:40.553 INFO [main] org.apache.catalina.startup.HostConfig.deployDirectory Deployment of web application directory [/Users/ajanes/Documents/git/AEBI/apache-tomcat-9.0.34/webapps/examples] has finished in [281] ms
08-May-2020 10:30:40.554 INFO [main] org.apache.catalina.startup.HostConfig.deployDirectory Deploye Web-Applikations-Verzeichnis [/Users/ajanes/Documents/git/AEBI/apache-tomcat-9.0.34/webapps/ROOT]
08-May-2020 10:30:40.574 INFO [main] org.apache.catalina.startup.HostConfig.deployDirectory Deployment of web application directory [/Users/ajanes/Documents/git/AEBI/apache-tomcat-9.0.34/webapps/ROOT] has finished in [20] ms
08-May-2020 10:30:40.574 INFO [main] org.apache.catalina.startup.HostConfig.deployDirectory Deploye Web-Applikations-Verzeichnis [/Users/ajanes/Documents/git/AEBI/apache-tomcat-9.0.34/webapps/host-manager]
08-May-2020 10:30:40.598 INFO [main] org.apache.catalina.startup.HostConfig.deployDirectory Deployment of web application directory [/Users/ajanes/Documents/git/AEBI/apache-tomcat-9.0.34/webapps/host-manager] has finished in [23] ms
08-May-2020 10:30:40.604 INFO [main] org.apache.coyote.AbstractProtocol.start Starting ProtocolHandler ["http-nio-8080"]
08-May-2020 10:30:40.615 INFO [main] org.apache.catalina.startup.Catalina.start Server startup in [687] milliseconds
08-May-2020 10:32:25.334 INFO [Thread-3] org.apache.coyote.AbstractProtocol.pause Pausing ProtocolHandler ["http-nio-8080"]
08-May-2020 10:32:25.340 INFO [Thread-3] org.apache.catalina.core.StandardService.stopInternal Stopping service [Catalina]
08-May-2020 10:32:25.380 INFO [Thread-3] org.apache.coyote.AbstractProtocol.stop Stopping ProtocolHandler ["http-nio-8080"]
08-May-2020 10:32:25.383 INFO [Thread-3] org.apache.coyote.AbstractProtocol.destroy Destroying ProtocolHandler ["http-nio-8080"]
08-May-2020 10:33:26.452 INFO [main] org.apache.catalina.startup.VersionLoggerListener.log 
 Server Version:        Apache Tomcat/9.0.34
08-May-2020 10:33:26.456 INFO [main] org.apache.catalina.startup.VersionLoggerListener.log Server built:          Apr 3 2020 12:02:52 UTC
08-May-2020 10:33:26.456 INFO [main] org.apache.catalina.startup.VersionLoggerListener.log Server version number: 9.0.34.0
08-May-2020 10:33:26.456 INFO [main] org.apache.catalina.startup.VersionLoggerListener.log OS Name:               Mac OS X
08-May-2020 10:33:26.456 INFO [main] org.apache.catalina.startup.VersionLoggerListener.log OS Version:            10.15.4
08-May-2020 10:33:26.456 INFO [main] org.apache.catalina.startup.VersionLoggerListener.log Architektur:          x86_64
08-May-2020 10:33:26.457 INFO [main] org.apache.catalina.startup.VersionLoggerListener.log Java Home:             /Library/Java/JavaVirtualMachines/jdk-12.jdk/Contents/Home
08-May-2020 10:33:26.457 INFO [main] org.apache.catalina.startup.VersionLoggerListener.log JVM Version:           12+33
08-May-2020 10:33:26.457 INFO [main] org.apache.catalina.startup.VersionLoggerListener.log JVM Hersteller:            Oracle Corporation
08-May-2020 10:33:26.457 INFO [main] org.apache.catalina.startup.VersionLoggerListener.log 
 CATALINA_BASE:         /Users/ajanes/Documents/git/AEBI/apache-tomcat-9.0.34
08-May-2020 10:33:26.457 INFO [main] org.apache.catalina.startup.VersionLoggerListener.log CATALINA_HOME:         /Users/ajanes/Documents/git/AEBI/apache-tomcat-9.0.34
08-May-2020 10:33:26.471 INFO [main] org.apache.catalina.startup.VersionLoggerListener.log Command line argument: --add-opens=java.base/java.lang=ALL-UNNAMED
08-May-2020 10:33:26.471 INFO [main] org.apache.catalina.startup.VersionLoggerListener.log Command line argument: --add-opens=java.base/java.io=ALL-UNNAMED
08-May-2020 10:33:26.471 INFO [main] org.apache.catalina.startup.VersionLoggerListener.log Command line argument: --add-opens=java.rmi/sun.rmi.transport=ALL-UNNAMED
08-May-2020 10:33:26.471 INFO [main] org.apache.catalina.startup.VersionLoggerListener.log Command line argument: -Djava.util.logging.config.file=/Users/ajanes/Documents/git/AEBI/apache-tomcat-9.0.34/conf/logging.properties
08-May-2020 10:33:26.472 INFO [main] org.apache.catalina.startup.VersionLoggerListener.log Command line argument: -Djava.util.logging.manager=org.apache.juli.ClassLoaderLogManager
08-May-2020 10:33:26.472 INFO [main] org.apache.catalina.startup.VersionLoggerListener.log Command line argument: -Djdk.tls.ephemeralDHKeySize=2048
08-May-2020 10:33:26.472 INFO [main] org.apache.catalina.startup.VersionLoggerListener.log Command line argument: -Djava.protocol.handler.pkgs=org.apache.catalina.webresources
08-May-2020 10:33:26.472 INFO [main] org.apache.catalina.startup.VersionLoggerListener.log Command line argument: -Dorg.apache.catalina.security.SecurityListener.UMASK=0027
08-May-2020 10:33:26.472 INFO [main] org.apache.catalina.startup.VersionLoggerListener.log Command line argument: -Dignore.endorsed.dirs=
08-May-2020 10:33:26.472 INFO [main] org.apache.catalina.startup.VersionLoggerListener.log Command line argument: -Dcatalina.base=/Users/ajanes/Documents/git/AEBI/apache-tomcat-9.0.34
08-May-2020 10:33:26.473 INFO [main] org.apache.catalina.startup.VersionLoggerListener.log Command line argument: -Dcatalina.home=/Users/ajanes/Documents/git/AEBI/apache-tomcat-9.0.34
08-May-2020 10:33:26.473 INFO [main] org.apache.catalina.startup.VersionLoggerListener.log Command line argument: -Djava.io.tmpdir=/Users/ajanes/Documents/git/AEBI/apache-tomcat-9.0.34/temp
08-May-2020 10:33:26.473 INFO [main] org.apache.catalina.core.AprLifecycleListener.lifecycleEvent The APR based Apache Tomcat Native library which allows optimal performance in production environments was not found on the java.library.path: [/Users/ajanes/Library/Java/Extensions:/Library/Java/Extensions:/Network/Library/Java/Extensions:/System/Library/Java/Extensions:/usr/lib/java:.]
08-May-2020 10:33:26.727 INFO [main] org.apache.coyote.AbstractProtocol.init Initialisiere ProtocolHandler["http-nio-8080"]
08-May-2020 10:33:26.760 INFO [main] org.apache.catalina.startup.Catalina.load Server initialization in [499] milliseconds
08-May-2020 10:33:26.800 INFO [main] org.apache.catalina.core.StandardService.startInternal Starting service [Catalina]
08-May-2020 10:33:26.800 INFO [main] org.apache.catalina.core.StandardEngine.startInternal Starting Servlet engine: [Apache Tomcat/9.0.34]
08-May-2020 10:33:26.806 INFO [main] org.apache.catalina.startup.HostConfig.deployDirectory Deploye Web-Applikations-Verzeichnis [/Users/ajanes/Documents/git/AEBI/apache-tomcat-9.0.34/webapps/docs]
08-May-2020 10:33:27.027 INFO [main] org.apache.catalina.startup.HostConfig.deployDirectory Deployment of web application directory [/Users/ajanes/Documents/git/AEBI/apache-tomcat-9.0.34/webapps/docs] has finished in [221] ms
08-May-2020 10:33:27.028 INFO [main] org.apache.catalina.startup.HostConfig.deployDirectory Deploye Web-Applikations-Verzeichnis [/Users/ajanes/Documents/git/AEBI/apache-tomcat-9.0.34/webapps/manager]
08-May-2020 10:33:27.061 INFO [main] org.apache.catalina.startup.HostConfig.deployDirectory Deployment of web application directory [/Users/ajanes/Documents/git/AEBI/apache-tomcat-9.0.34/webapps/manager] has finished in [33] ms
08-May-2020 10:33:27.062 INFO [main] org.apache.catalina.startup.HostConfig.deployDirectory Deploye Web-Applikations-Verzeichnis [/Users/ajanes/Documents/git/AEBI/apache-tomcat-9.0.34/webapps/examples]
08-May-2020 10:33:27.315 INFO [main] org.apache.catalina.startup.HostConfig.deployDirectory Deployment of web application directory [/Users/ajanes/Documents/git/AEBI/apache-tomcat-9.0.34/webapps/examples] has finished in [254] ms
08-May-2020 10:33:27.315 INFO [main] org.apache.catalina.startup.HostConfig.deployDirectory Deploye Web-Applikations-Verzeichnis [/Users/ajanes/Documents/git/AEBI/apache-tomcat-9.0.34/webapps/ROOT]
08-May-2020 10:33:27.332 INFO [main] org.apache.catalina.startup.HostConfig.deployDirectory Deployment of web application directory [/Users/ajanes/Documents/git/AEBI/apache-tomcat-9.0.34/webapps/ROOT] has finished in [16] ms
08-May-2020 10:33:27.332 INFO [main] org.apache.catalina.startup.HostConfig.deployDirectory Deploye Web-Applikations-Verzeichnis [/Users/ajanes/Documents/git/AEBI/apache-tomcat-9.0.34/webapps/host-manager]
08-May-2020 10:33:27.350 INFO [main] org.apache.catalina.startup.HostConfig.deployDirectory Deployment of web application directory [/Users/ajanes/Documents/git/AEBI/apache-tomcat-9.0.34/webapps/host-manager] has finished in [18] ms
08-May-2020 10:33:27.357 INFO [main] org.apache.coyote.AbstractProtocol.start Starting ProtocolHandler ["http-nio-8080"]
08-May-2020 10:33:27.365 INFO [main] org.apache.catalina.startup.Catalina.start Server startup in [604] milliseconds
08-May-2020 10:37:36.289 INFO [Thread-3] org.apache.coyote.AbstractProtocol.pause Pausing ProtocolHandler ["http-nio-8080"]
08-May-2020 10:37:36.294 INFO [Thread-3] org.apache.catalina.core.StandardService.stopInternal Stopping service [Catalina]
08-May-2020 10:37:36.334 INFO [Thread-3] org.apache.coyote.AbstractProtocol.stop Stopping ProtocolHandler ["http-nio-8080"]
08-May-2020 10:37:36.339 INFO [Thread-3] org.apache.coyote.AbstractProtocol.destroy Destroying ProtocolHandler ["http-nio-8080"]
